app/build/intermediates/manifest_merge_blame_file/release/manifest-merger-blame-release-report.txt
1<?xml version="1.0" encoding="utf-8"?>
2<manifest xmlns:android="http://schemas.android.com/apk/res/android"
3    package="com.flightinfo.app"
4    android:versionCode="1"
5    android:versionName="1.0" >
6
7    <uses-sdk
8        android:minSdkVersion="21"
9        android:targetSdkVersion="34" />
10
11    <uses-permission android:name="android.permission.INTERNET" />
11-->src/main/AndroidManifest.xml:5:5-67
11-->src/main/AndroidManifest.xml:5:22-64
12    <uses-permission android:name="android.permission.ACCESS_NETWORK_STATE" />
12-->src/main/AndroidManifest.xml:6:5-79
12-->src/main/AndroidManifest.xml:6:22-76
13    <uses-permission android:name="android.permission.POST_NOTIFICATIONS" />
13-->[com.google.firebase:firebase-messaging:23.1.2] AndroidManifest.xml:25:5-77
13-->[com.google.firebase:firebase-messaging:23.1.2] AndroidManifest.xml:25:22-74
14    <uses-permission android:name="android.permission.WAKE_LOCK" /> <!-- Required by older versions of Google Play services to create IID tokens -->
14-->[com.google.firebase:firebase-messaging:23.1.2] AndroidManifest.xml:26:5-68
14-->[com.google.firebase:firebase-messaging:23.1.2] AndroidManifest.xml:26:22-65
15    <uses-permission android:name="com.google.android.c2dm.permission.RECEIVE" />
15-->[com.google.firebase:firebase-messaging:23.1.2] AndroidManifest.xml:28:5-82
15-->[com.google.firebase:firebase-messaging:23.1.2] AndroidManifest.xml:28:22-79
16
17    <permission
17-->[androidx.core:core:1.12.0] AndroidManifest.xml:22:5-24:47
18        android:name="com.flightinfo.app.DYNAMIC_RECEIVER_NOT_EXPORTED_PERMISSION"
18-->[androidx.core:core:1.12.0] AndroidManifest.xml:23:9-81
19        android:protectionLevel="signature" />
19-->[androidx.core:core:1.12.0] AndroidManifest.xml:24:9-44
20
21    <uses-permission android:name="com.flightinfo.app.DYNAMIC_RECEIVER_NOT_EXPORTED_PERMISSION" />
21-->[androidx.core:core:1.12.0] AndroidManifest.xml:26:5-97
21-->[androidx.core:core:1.12.0] AndroidManifest.xml:26:22-94
22
23    <application
23-->src/main/AndroidManifest.xml:8:5-44:19
24        android:name="com.flightinfo.app.FlightInfoApplication"
24-->src/main/AndroidManifest.xml:9:9-46
25        android:allowBackup="true"
25-->src/main/AndroidManifest.xml:10:9-35
26        android:appComponentFactory="androidx.core.app.CoreComponentFactory"
26-->[androidx.core:core:1.12.0] AndroidManifest.xml:28:18-86
27        android:dataExtractionRules="@xml/data_extraction_rules"
27-->src/main/AndroidManifest.xml:11:9-65
28        android:extractNativeLibs="true"
29        android:fullBackupContent="@xml/backup_rules"
29-->src/main/AndroidManifest.xml:12:9-54
30        android:icon="@mipmap/ic_launcher"
30-->src/main/AndroidManifest.xml:13:9-43
31        android:label="@string/app_name"
31-->src/main/AndroidManifest.xml:14:9-41
32        android:roundIcon="@mipmap/ic_launcher_round"
32-->src/main/AndroidManifest.xml:15:9-54
33        android:supportsRtl="true"
33-->src/main/AndroidManifest.xml:16:9-35
34        android:theme="@style/Theme.FlightInfoApp"
34-->src/main/AndroidManifest.xml:17:9-51
35        android:usesCleartextTraffic="true" >
35-->src/main/AndroidManifest.xml:18:9-44
36        <activity
36-->src/main/AndroidManifest.xml:21:9-29:20
37            android:name="com.flightinfo.app.ui.MainActivity"
37-->src/main/AndroidManifest.xml:22:13-44
38            android:exported="true"
38-->src/main/AndroidManifest.xml:23:13-36
39            android:theme="@style/Theme.FlightInfoApp" >
39-->src/main/AndroidManifest.xml:24:13-55
40            <intent-filter>
40-->src/main/AndroidManifest.xml:25:13-28:29
41                <action android:name="android.intent.action.MAIN" />
41-->src/main/AndroidManifest.xml:26:17-69
41-->src/main/AndroidManifest.xml:26:25-66
42
43                <category android:name="android.intent.category.LAUNCHER" />
43-->src/main/AndroidManifest.xml:27:17-77
43-->src/main/AndroidManifest.xml:27:27-74
44            </intent-filter>
45        </activity>
46
47        <service
47-->src/main/AndroidManifest.xml:31:9-37:19
48            android:name="com.flightinfo.app.service.FlightNotificationService"
48-->src/main/AndroidManifest.xml:32:13-62
49            android:exported="false" >
49-->src/main/AndroidManifest.xml:33:13-37
50            <intent-filter>
50-->src/main/AndroidManifest.xml:34:13-36:29
51                <action android:name="com.google.firebase.MESSAGING_EVENT" />
51-->src/main/AndroidManifest.xml:35:17-78
51-->src/main/AndroidManifest.xml:35:25-75
52            </intent-filter>
53        </service>
54        <service
54-->src/main/AndroidManifest.xml:39:9-42:40
55            android:name="com.flightinfo.app.service.FlightStatusCheckService"
55-->src/main/AndroidManifest.xml:40:13-61
56            android:enabled="true"
56-->src/main/AndroidManifest.xml:41:13-35
57            android:exported="false" />
57-->src/main/AndroidManifest.xml:42:13-37
58
59        <receiver
59-->[com.google.firebase:firebase-messaging:23.1.2] AndroidManifest.xml:31:9-38:20
60            android:name="com.google.firebase.iid.FirebaseInstanceIdReceiver"
60-->[com.google.firebase:firebase-messaging:23.1.2] AndroidManifest.xml:32:13-78
61            android:exported="true"
61-->[com.google.firebase:firebase-messaging:23.1.2] AndroidManifest.xml:33:13-36
62            android:permission="com.google.android.c2dm.permission.SEND" >
62-->[com.google.firebase:firebase-messaging:23.1.2] AndroidManifest.xml:34:13-73
63            <intent-filter>
63-->[com.google.firebase:firebase-messaging:23.1.2] AndroidManifest.xml:35:13-37:29
64                <action android:name="com.google.android.c2dm.intent.RECEIVE" />
64-->[com.google.firebase:firebase-messaging:23.1.2] AndroidManifest.xml:36:17-81
64-->[com.google.firebase:firebase-messaging:23.1.2] AndroidManifest.xml:36:25-78
65            </intent-filter>
66        </receiver>
67        <!--
68             FirebaseMessagingService performs security checks at runtime,
69             but set to not exported to explicitly avoid allowing another app to call it.
70        -->
71        <service
71-->[com.google.firebase:firebase-messaging:23.1.2] AndroidManifest.xml:44:9-51:19
72            android:name="com.google.firebase.messaging.FirebaseMessagingService"
72-->[com.google.firebase:firebase-messaging:23.1.2] AndroidManifest.xml:45:13-82
73            android:directBootAware="true"
73-->[com.google.firebase:firebase-messaging:23.1.2] AndroidManifest.xml:46:13-43
74            android:exported="false" >
74-->[com.google.firebase:firebase-messaging:23.1.2] AndroidManifest.xml:47:13-37
75            <intent-filter android:priority="-500" >
75-->src/main/AndroidManifest.xml:34:13-36:29
76                <action android:name="com.google.firebase.MESSAGING_EVENT" />
76-->src/main/AndroidManifest.xml:35:17-78
76-->src/main/AndroidManifest.xml:35:25-75
77            </intent-filter>
78        </service>
79        <service
79-->[com.google.firebase:firebase-messaging:23.1.2] AndroidManifest.xml:52:9-58:19
80            android:name="com.google.firebase.components.ComponentDiscoveryService"
80-->[com.google.firebase:firebase-messaging:23.1.2] AndroidManifest.xml:53:13-84
81            android:directBootAware="true"
81-->[com.google.firebase:firebase-common:20.3.1] AndroidManifest.xml:34:13-43
82            android:exported="false" >
82-->[com.google.firebase:firebase-messaging:23.1.2] AndroidManifest.xml:54:13-37
83            <meta-data
83-->[com.google.firebase:firebase-messaging:23.1.2] AndroidManifest.xml:55:13-57:85
84                android:name="com.google.firebase.components:com.google.firebase.messaging.FirebaseMessagingRegistrar"
84-->[com.google.firebase:firebase-messaging:23.1.2] AndroidManifest.xml:56:17-119
85                android:value="com.google.firebase.components.ComponentRegistrar" />
85-->[com.google.firebase:firebase-messaging:23.1.2] AndroidManifest.xml:57:17-82
86            <meta-data
86-->[com.google.firebase:firebase-datatransport:18.1.7] AndroidManifest.xml:27:13-29:85
87                android:name="com.google.firebase.components:com.google.firebase.datatransport.TransportRegistrar"
87-->[com.google.firebase:firebase-datatransport:18.1.7] AndroidManifest.xml:28:17-115
88                android:value="com.google.firebase.components.ComponentRegistrar" />
88-->[com.google.firebase:firebase-datatransport:18.1.7] AndroidManifest.xml:29:17-82
89            <meta-data
89-->[com.google.firebase:firebase-installations:17.1.3] AndroidManifest.xml:17:13-19:85
90                android:name="com.google.firebase.components:com.google.firebase.installations.FirebaseInstallationsRegistrar"
90-->[com.google.firebase:firebase-installations:17.1.3] AndroidManifest.xml:18:17-127
91                android:value="com.google.firebase.components.ComponentRegistrar" />
91-->[com.google.firebase:firebase-installations:17.1.3] AndroidManifest.xml:19:17-82
92        </service>
93
94        <provider
94-->[com.google.firebase:firebase-common:20.3.1] AndroidManifest.xml:25:9-30:39
95            android:name="com.google.firebase.provider.FirebaseInitProvider"
95-->[com.google.firebase:firebase-common:20.3.1] AndroidManifest.xml:26:13-77
96            android:authorities="com.flightinfo.app.firebaseinitprovider"
96-->[com.google.firebase:firebase-common:20.3.1] AndroidManifest.xml:27:13-72
97            android:directBootAware="true"
97-->[com.google.firebase:firebase-common:20.3.1] AndroidManifest.xml:28:13-43
98            android:exported="false"
98-->[com.google.firebase:firebase-common:20.3.1] AndroidManifest.xml:29:13-37
99            android:initOrder="100" />
99-->[com.google.firebase:firebase-common:20.3.1] AndroidManifest.xml:30:13-36
100
101        <activity
101-->[com.google.android.gms:play-services-base:18.0.1] AndroidManifest.xml:20:9-22:45
102            android:name="com.google.android.gms.common.api.GoogleApiActivity"
102-->[com.google.android.gms:play-services-base:18.0.1] AndroidManifest.xml:20:19-85
103            android:exported="false"
103-->[com.google.android.gms:play-services-base:18.0.1] AndroidManifest.xml:22:19-43
104            android:theme="@android:style/Theme.Translucent.NoTitleBar" />
104-->[com.google.android.gms:play-services-base:18.0.1] AndroidManifest.xml:21:19-78
105
106        <meta-data
106-->[com.google.android.gms:play-services-basement:18.1.0] AndroidManifest.xml:21:9-23:69
107            android:name="com.google.android.gms.version"
107-->[com.google.android.gms:play-services-basement:18.1.0] AndroidManifest.xml:22:13-58
108            android:value="@integer/google_play_services_version" />
108-->[com.google.android.gms:play-services-basement:18.1.0] AndroidManifest.xml:23:13-66
109
110        <provider
110-->[androidx.emoji2:emoji2:1.2.0] AndroidManifest.xml:24:9-32:20
111            android:name="androidx.startup.InitializationProvider"
111-->[androidx.emoji2:emoji2:1.2.0] AndroidManifest.xml:25:13-67
112            android:authorities="com.flightinfo.app.androidx-startup"
112-->[androidx.emoji2:emoji2:1.2.0] AndroidManifest.xml:26:13-68
113            android:exported="false" >
113-->[androidx.emoji2:emoji2:1.2.0] AndroidManifest.xml:27:13-37
114            <meta-data
114-->[androidx.emoji2:emoji2:1.2.0] AndroidManifest.xml:29:13-31:52
115                android:name="androidx.emoji2.text.EmojiCompatInitializer"
115-->[androidx.emoji2:emoji2:1.2.0] AndroidManifest.xml:30:17-75
116                android:value="androidx.startup" />
116-->[androidx.emoji2:emoji2:1.2.0] AndroidManifest.xml:31:17-49
117            <meta-data
117-->[androidx.lifecycle:lifecycle-process:2.7.0] AndroidManifest.xml:29:13-31:52
118                android:name="androidx.lifecycle.ProcessLifecycleInitializer"
118-->[androidx.lifecycle:lifecycle-process:2.7.0] AndroidManifest.xml:30:17-78
119                android:value="androidx.startup" />
119-->[androidx.lifecycle:lifecycle-process:2.7.0] AndroidManifest.xml:31:17-49
120            <meta-data
120-->[androidx.profileinstaller:profileinstaller:1.3.0] AndroidManifest.xml:29:13-31:52
121                android:name="androidx.profileinstaller.ProfileInstallerInitializer"
121-->[androidx.profileinstaller:profileinstaller:1.3.0] AndroidManifest.xml:30:17-85
122                android:value="androidx.startup" />
122-->[androidx.profileinstaller:profileinstaller:1.3.0] AndroidManifest.xml:31:17-49
123        </provider>
124
125        <uses-library
125-->[androidx.window:window:1.0.0] AndroidManifest.xml:25:9-27:40
126            android:name="androidx.window.extensions"
126-->[androidx.window:window:1.0.0] AndroidManifest.xml:26:13-54
127            android:required="false" />
127-->[androidx.window:window:1.0.0] AndroidManifest.xml:27:13-37
128        <uses-library
128-->[androidx.window:window:1.0.0] AndroidManifest.xml:28:9-30:40
129            android:name="androidx.window.sidecar"
129-->[androidx.window:window:1.0.0] AndroidManifest.xml:29:13-51
130            android:required="false" />
130-->[androidx.window:window:1.0.0] AndroidManifest.xml:30:13-37
131
132        <service
132-->[androidx.room:room-runtime:2.5.0] AndroidManifest.xml:24:9-28:63
133            android:name="androidx.room.MultiInstanceInvalidationService"
133-->[androidx.room:room-runtime:2.5.0] AndroidManifest.xml:25:13-74
134            android:directBootAware="true"
134-->[androidx.room:room-runtime:2.5.0] AndroidManifest.xml:26:13-43
135            android:exported="false" />
135-->[androidx.room:room-runtime:2.5.0] AndroidManifest.xml:27:13-37
136        <service
136-->[com.google.android.datatransport:transport-backend-cct:3.1.8] AndroidManifest.xml:28:9-34:19
137            android:name="com.google.android.datatransport.runtime.backends.TransportBackendDiscovery"
137-->[com.google.android.datatransport:transport-backend-cct:3.1.8] AndroidManifest.xml:29:13-103
138            android:exported="false" >
138-->[com.google.android.datatransport:transport-backend-cct:3.1.8] AndroidManifest.xml:30:13-37
139            <meta-data
139-->[com.google.android.datatransport:transport-backend-cct:3.1.8] AndroidManifest.xml:31:13-33:39
140                android:name="backend:com.google.android.datatransport.cct.CctBackendFactory"
140-->[com.google.android.datatransport:transport-backend-cct:3.1.8] AndroidManifest.xml:32:17-94
141                android:value="cct" />
141-->[com.google.android.datatransport:transport-backend-cct:3.1.8] AndroidManifest.xml:33:17-36
142        </service>
143        <service
143-->[com.google.android.datatransport:transport-runtime:3.1.8] AndroidManifest.xml:26:9-30:19
144            android:name="com.google.android.datatransport.runtime.scheduling.jobscheduling.JobInfoSchedulerService"
144-->[com.google.android.datatransport:transport-runtime:3.1.8] AndroidManifest.xml:27:13-117
145            android:exported="false"
145-->[com.google.android.datatransport:transport-runtime:3.1.8] AndroidManifest.xml:28:13-37
146            android:permission="android.permission.BIND_JOB_SERVICE" >
146-->[com.google.android.datatransport:transport-runtime:3.1.8] AndroidManifest.xml:29:13-69
147        </service>
148
149        <receiver
149-->[com.google.android.datatransport:transport-runtime:3.1.8] AndroidManifest.xml:32:9-34:40
150            android:name="com.google.android.datatransport.runtime.scheduling.jobscheduling.AlarmManagerSchedulerBroadcastReceiver"
150-->[com.google.android.datatransport:transport-runtime:3.1.8] AndroidManifest.xml:33:13-132
151            android:exported="false" />
151-->[com.google.android.datatransport:transport-runtime:3.1.8] AndroidManifest.xml:34:13-37
152        <receiver
152-->[androidx.profileinstaller:profileinstaller:1.3.0] AndroidManifest.xml:34:9-52:20
153            android:name="androidx.profileinstaller.ProfileInstallReceiver"
153-->[androidx.profileinstaller:profileinstaller:1.3.0] AndroidManifest.xml:35:13-76
154            android:directBootAware="false"
154-->[androidx.profileinstaller:profileinstaller:1.3.0] AndroidManifest.xml:36:13-44
155            android:enabled="true"
155-->[androidx.profileinstaller:profileinstaller:1.3.0] AndroidManifest.xml:37:13-35
156            android:exported="true"
156-->[androidx.profileinstaller:profileinstaller:1.3.0] AndroidManifest.xml:38:13-36
157            android:permission="android.permission.DUMP" >
157-->[androidx.profileinstaller:profileinstaller:1.3.0] AndroidManifest.xml:39:13-57
158            <intent-filter>
158-->[androidx.profileinstaller:profileinstaller:1.3.0] AndroidManifest.xml:40:13-42:29
159                <action android:name="androidx.profileinstaller.action.INSTALL_PROFILE" />
159-->[androidx.profileinstaller:profileinstaller:1.3.0] AndroidManifest.xml:41:17-91
159-->[androidx.profileinstaller:profileinstaller:1.3.0] AndroidManifest.xml:41:25-88
160            </intent-filter>
161            <intent-filter>
161-->[androidx.profileinstaller:profileinstaller:1.3.0] AndroidManifest.xml:43:13-45:29
162                <action android:name="androidx.profileinstaller.action.SKIP_FILE" />
162-->[androidx.profileinstaller:profileinstaller:1.3.0] AndroidManifest.xml:44:17-85
162-->[androidx.profileinstaller:profileinstaller:1.3.0] AndroidManifest.xml:44:25-82
163            </intent-filter>
164            <intent-filter>
164-->[androidx.profileinstaller:profileinstaller:1.3.0] AndroidManifest.xml:46:13-48:29
165                <action android:name="androidx.profileinstaller.action.SAVE_PROFILE" />
165-->[androidx.profileinstaller:profileinstaller:1.3.0] AndroidManifest.xml:47:17-88
165-->[androidx.profileinstaller:profileinstaller:1.3.0] AndroidManifest.xml:47:25-85
166            </intent-filter>
167            <intent-filter>
167-->[androidx.profileinstaller:profileinstaller:1.3.0] AndroidManifest.xml:49:13-51:29
168                <action android:name="androidx.profileinstaller.action.BENCHMARK_OPERATION" />
168-->[androidx.profileinstaller:profileinstaller:1.3.0] AndroidManifest.xml:50:17-95
168-->[androidx.profileinstaller:profileinstaller:1.3.0] AndroidManifest.xml:50:25-92
169            </intent-filter>
170        </receiver>
171    </application>
172
173</manifest>